<?xml version="1.0" encoding="UTF-8"?>
<coverage generated="1781560223144" clover="3.2.0">
  <project timestamp="1781560223144" name="All files">
    <metrics statements="29" coveredstatements="29" conditionals="29" coveredconditionals="26" methods="2" coveredmethods="2" elements="60" coveredelements="57" complexity="0" loc="29" ncloc="29" packages="2" files="2" classes="2"/>
    <package name="modules.inference.utils">
      <metrics statements="15" coveredstatements="15" conditionals="21" coveredconditionals="18" methods="1" coveredmethods="1"/>
      <file name="prune_context.ts" path="/Users/josecosta/dev/promptly/src/modules/inference/utils/prune_context.ts">
        <metrics statements="15" coveredstatements="15" conditionals="21" coveredconditionals="18" methods="1" coveredmethods="1"/>
        <line num="9" count="5" type="stmt"/>
        <line num="11" count="5" type="cond" truecount="2" falsecount="0"/>
        <line num="12" count="4" type="stmt"/>
        <line num="13" count="4" type="cond" truecount="1" falsecount="1"/>
        <line num="16" count="4" type="stmt"/>
        <line num="20" count="4" type="cond" truecount="1" falsecount="1"/>
        <line num="22" count="4" type="cond" truecount="2" falsecount="0"/>
        <line num="24" count="2" type="stmt"/>
        <line num="29" count="2" type="cond" truecount="4" falsecount="0"/>
        <line num="30" count="1" type="stmt"/>
        <line num="32" count="2" type="stmt"/>
        <line num="35" count="2" type="cond" truecount="4" falsecount="0"/>
        <line num="36" count="1" type="stmt"/>
        <line num="40" count="4" type="cond" truecount="3" falsecount="1"/>
        <line num="43" count="5" type="stmt"/>
      </file>
    </package>
    <package name="utils">
      <metrics statements="14" coveredstatements="14" conditionals="8" coveredconditionals="8" methods="1" coveredmethods="1"/>
      <file name="chunking.ts" path="/Users/josecosta/dev/promptly/src/utils/chunking.ts">
        <metrics statements="14" coveredstatements="14" conditionals="8" coveredconditionals="8" methods="1" coveredmethods="1"/>
        <line num="1" count="1" type="cond" truecount="2" falsecount="0"/>
        <line num="2" count="5" type="cond" truecount="2" falsecount="0"/>
        <line num="5" count="4" type="stmt"/>
        <line num="6" count="4" type="cond" truecount="2" falsecount="0"/>
        <line num="7" count="3" type="stmt"/>
        <line num="9" count="3" type="cond" truecount="2" falsecount="0"/>
        <line num="10" count="2" type="stmt"/>
        <line num="13" count="1" type="stmt"/>
        <line num="14" count="1" type="stmt"/>
        <line num="16" count="1" type="stmt"/>
        <line num="17" count="4" type="stmt"/>
        <line num="18" count="4" type="stmt"/>
        <line num="19" count="4" type="stmt"/>
        <line num="22" count="1" type="stmt"/>
      </file>
    </package>
  </project>
</coverage>
