{"/Users/josecosta/dev/promptly/src/modules/inference/utils/prune_context.ts": {"path":"/Users/josecosta/dev/promptly/src/modules/inference/utils/prune_context.ts","statementMap":{"0":{"start":{"line":9,"column":26},"end":{"line":9,"column":null}},"1":{"start":{"line":11,"column":2},"end":{"line":41,"column":null}},"2":{"start":{"line":12,"column":22},"end":{"line":12,"column":null}},"3":{"start":{"line":13,"column":26},"end":{"line":13,"column":null}},"4":{"start":{"line":16,"column":25},"end":{"line":16,"column":null}},"5":{"start":{"line":20,"column":24},"end":{"line":20,"column":null}},"6":{"start":{"line":22,"column":4},"end":{"line":38,"column":null}},"7":{"start":{"line":24,"column":40},"end":{"line":27,"column":null}},"8":{"start":{"line":29,"column":8},"end":{"line":31,"column":null}},"9":{"start":{"line":30,"column":12},"end":{"line":30,"column":null}},"10":{"start":{"line":32,"column":8},"end":{"line":32,"column":null}},"11":{"start":{"line":35,"column":8},"end":{"line":37,"column":null}},"12":{"start":{"line":36,"column":10},"end":{"line":36,"column":null}},"13":{"start":{"line":40,"column":4},"end":{"line":40,"column":null}},"14":{"start":{"line":43,"column":2},"end":{"line":43,"column":null}}},"fnMap":{"0":{"name":"pruneContext","decl":{"start":{"line":8,"column":16},"end":{"line":8,"column":29}},"loc":{"start":{"line":8,"column":86},"end":{"line":44,"column":null}},"line":8}},"branchMap":{"0":{"loc":{"start":{"line":8,"column":50},"end":{"line":8,"column":86}},"type":"default-arg","locations":[{"start":{"line":8,"column":71},"end":{"line":8,"column":86}}],"line":8},"1":{"loc":{"start":{"line":11,"column":2},"end":{"line":41,"column":null}},"type":"if","locations":[{"start":{"line":11,"column":2},"end":{"line":41,"column":null}},{"start":{},"end":{}}],"line":11},"2":{"loc":{"start":{"line":13,"column":26},"end":{"line":13,"column":null}},"type":"cond-expr","locations":[{"start":{"line":13,"column":38},"end":{"line":13,"column":52}},{"start":{"line":13,"column":52},"end":{"line":13,"column":null}}],"line":13},"3":{"loc":{"start":{"line":20,"column":56},"end":{"line":20,"column":null}},"type":"cond-expr","locations":[{"start":{"line":20,"column":68},"end":{"line":20,"column":72}},{"start":{"line":20,"column":72},"end":{"line":20,"column":null}}],"line":20},"4":{"loc":{"start":{"line":22,"column":4},"end":{"line":38,"column":null}},"type":"if","locations":[{"start":{"line":22,"column":4},"end":{"line":38,"column":null}},{"start":{"line":33,"column":11},"end":{"line":38,"column":null}}],"line":22},"5":{"loc":{"start":{"line":29,"column":8},"end":{"line":31,"column":null}},"type":"if","locations":[{"start":{"line":29,"column":8},"end":{"line":31,"column":null}},{"start":{},"end":{}}],"line":29},"6":{"loc":{"start":{"line":29,"column":12},"end":{"line":29,"column":76}},"type":"binary-expr","locations":[{"start":{"line":29,"column":12},"end":{"line":29,"column":41}},{"start":{"line":29,"column":41},"end":{"line":29,"column":76}}],"line":29},"7":{"loc":{"start":{"line":35,"column":8},"end":{"line":37,"column":null}},"type":"if","locations":[{"start":{"line":35,"column":8},"end":{"line":37,"column":null}},{"start":{},"end":{}}],"line":35},"8":{"loc":{"start":{"line":35,"column":12},"end":{"line":35,"column":81}},"type":"binary-expr","locations":[{"start":{"line":35,"column":12},"end":{"line":35,"column":41}},{"start":{"line":35,"column":41},"end":{"line":35,"column":81}}],"line":35},"9":{"loc":{"start":{"line":40,"column":24},"end":{"line":40,"column":null}},"type":"cond-expr","locations":[{"start":{"line":40,"column":53},"end":{"line":40,"column":90}},{"start":{"line":40,"column":90},"end":{"line":40,"column":null}}],"line":40},"10":{"loc":{"start":{"line":40,"column":24},"end":{"line":40,"column":53}},"type":"binary-expr","locations":[{"start":{"line":40,"column":24},"end":{"line":40,"column":37}},{"start":{"line":40,"column":37},"end":{"line":40,"column":53}}],"line":40}},"s":{"0":5,"1":5,"2":4,"3":4,"4":4,"5":4,"6":4,"7":2,"8":2,"9":1,"10":2,"11":2,"12":1,"13":4,"14":5},"f":{"0":5},"b":{"0":[5],"1":[4,1],"2":[4,0],"3":[4,0],"4":[2,2],"5":[1,1],"6":[2,2],"7":[1,1],"8":[2,2],"9":[4,0],"10":[4,4]},"meta":{"lastBranch":11,"lastFunction":1,"lastStatement":15,"seen":{"f:8:16:8:29":0,"b:8:71:8:86":0,"s:9:26:9:Infinity":0,"b:11:2:41:Infinity:undefined:undefined:undefined:undefined":1,"s:11:2:41:Infinity":1,"s:12:22:12:Infinity":2,"s:13:26:13:Infinity":3,"b:13:38:13:52:13:52:13:Infinity":2,"s:16:25:16:Infinity":4,"s:20:24:20:Infinity":5,"b:20:68:20:72:20:72:20:Infinity":3,"b:22:4:38:Infinity:33:11:38:Infinity":4,"s:22:4:38:Infinity":6,"s:24:40:27:Infinity":7,"b:29:8:31:Infinity:undefined:undefined:undefined:undefined":5,"s:29:8:31:Infinity":8,"b:29:12:29:41:29:41:29:76":6,"s:30:12:30:Infinity":9,"s:32:8:32:Infinity":10,"b:35:8:37:Infinity:undefined:undefined:undefined:undefined":7,"s:35:8:37:Infinity":11,"b:35:12:35:41:35:41:35:81":8,"s:36:10:36:Infinity":12,"s:40:4:40:Infinity":13,"b:40:53:40:90:40:90:40:Infinity":9,"b:40:24:40:37:40:37:40:53":10,"s:43:2:43:Infinity":14},"fnNames":{}}}
,"/Users/josecosta/dev/promptly/src/utils/chunking.ts": {"path":"/Users/josecosta/dev/promptly/src/utils/chunking.ts","statementMap":{"0":{"start":{"line":1,"column":13},"end":{"line":23,"column":null}},"1":{"start":{"line":2,"column":2},"end":{"line":2,"column":null}},"2":{"start":{"line":2,"column":13},"end":{"line":2,"column":null}},"3":{"start":{"line":5,"column":20},"end":{"line":5,"column":null}},"4":{"start":{"line":6,"column":2},"end":{"line":6,"column":null}},"5":{"start":{"line":6,"column":24},"end":{"line":6,"column":null}},"6":{"start":{"line":7,"column":16},"end":{"line":7,"column":null}},"7":{"start":{"line":9,"column":2},"end":{"line":11,"column":null}},"8":{"start":{"line":10,"column":4},"end":{"line":10,"column":null}},"9":{"start":{"line":13,"column":27},"end":{"line":13,"column":null}},"10":{"start":{"line":14,"column":10},"end":{"line":14,"column":null}},"11":{"start":{"line":16,"column":2},"end":{"line":20,"column":null}},"12":{"start":{"line":17,"column":23},"end":{"line":17,"column":null}},"13":{"start":{"line":18,"column":4},"end":{"line":18,"column":null}},"14":{"start":{"line":19,"column":4},"end":{"line":19,"column":null}},"15":{"start":{"line":22,"column":2},"end":{"line":22,"column":null}}},"fnMap":{"0":{"name":"(anonymous_0)","decl":{"start":{"line":1,"column":13},"end":{"line":1,"column":26}},"loc":{"start":{"line":1,"column":88},"end":{"line":23,"column":null}},"line":1}},"branchMap":{"0":{"loc":{"start":{"line":1,"column":40},"end":{"line":1,"column":56}},"type":"default-arg","locations":[{"start":{"line":1,"column":51},"end":{"line":1,"column":56}}],"line":1},"1":{"loc":{"start":{"line":1,"column":56},"end":{"line":1,"column":88}},"type":"default-arg","locations":[{"start":{"line":1,"column":71},"end":{"line":1,"column":88}}],"line":1},"2":{"loc":{"start":{"line":2,"column":2},"end":{"line":2,"column":null}},"type":"if","locations":[{"start":{"line":2,"column":2},"end":{"line":2,"column":null}},{"start":{},"end":{}}],"line":2},"3":{"loc":{"start":{"line":6,"column":2},"end":{"line":6,"column":null}},"type":"if","locations":[{"start":{"line":6,"column":2},"end":{"line":6,"column":null}},{"start":{},"end":{}}],"line":6},"4":{"loc":{"start":{"line":9,"column":2},"end":{"line":11,"column":null}},"type":"if","locations":[{"start":{"line":9,"column":2},"end":{"line":11,"column":null}},{"start":{},"end":{}}],"line":9}},"s":{"0":1,"1":5,"2":1,"3":4,"4":4,"5":1,"6":3,"7":3,"8":2,"9":1,"10":1,"11":1,"12":4,"13":4,"14":4,"15":1},"f":{"0":5},"b":{"0":[5],"1":[5],"2":[1,4],"3":[1,3],"4":[2,1]},"meta":{"lastBranch":5,"lastFunction":1,"lastStatement":16,"seen":{"s:1:13:23:Infinity":0,"f:1:13:1:26":0,"b:1:51:1:56":0,"b:1:71:1:88":1,"b:2:2:2:Infinity:undefined:undefined:undefined:undefined":2,"s:2:2:2:Infinity":1,"s:2:13:2:Infinity":2,"s:5:20:5:Infinity":3,"b:6:2:6:Infinity:undefined:undefined:undefined:undefined":3,"s:6:2:6:Infinity":4,"s:6:24:6:Infinity":5,"s:7:16:7:Infinity":6,"b:9:2:11:Infinity:undefined:undefined:undefined:undefined":4,"s:9:2:11:Infinity":7,"s:10:4:10:Infinity":8,"s:13:27:13:Infinity":9,"s:14:10:14:Infinity":10,"s:16:2:20:Infinity":11,"s:17:23:17:Infinity":12,"s:18:4:18:Infinity":13,"s:19:4:19:Infinity":14,"s:22:2:22:Infinity":15},"fnNames":{}}}
}
